<?xml version="1.0" encoding="UTF-8"?>
<!-- Generated by org.testng.reporters.JUnitXMLReporter -->
<testsuite hostname="LAPTOP-13MQ7JB0" ignored="10" name="Test" tests="5" failures="5" timestamp="24 Jun 2020 13:16:21 GMT" time="13.65" errors="0">
  <testcase name="verifyHomePageTest" time="5.018" classname="com.test.VerifyHomePage">
    <failure type="java.lang.NullPointerException">
      <![CDATA[java.lang.NullPointerException
at com.reporting.Xtent.generateReport(Xtent.java:34)
at com.test.VerifyHomePage.verifyHomePageTest(VerifyHomePage.java:15)
... Removed 25 stack frames]]>
    </failure>
  </testcase> <!-- verifyHomePageTest -->
  <testcase name="inputCustomerDetailsTest" time="0.003" classname="com.test.InputCustomerDetails">
    <failure type="java.lang.NullPointerException">
      <![CDATA[java.lang.NullPointerException
at com.reporting.Xtent.generateReport(Xtent.java:34)
at com.test.InputCustomerDetails.inputCustomerDetailsTest(InputCustomerDetails.java:15)
... Removed 25 stack frames]]>
    </failure>
  </testcase> <!-- inputCustomerDetailsTest -->
  <testcase name="verifyProductPageTest" time="3.004" classname="com.test.VerifyProductPage">
    <failure type="java.lang.NullPointerException">
      <![CDATA[java.lang.NullPointerException
at com.reporting.Xtent.generateReport(Xtent.java:34)
at com.test.VerifyProductPage.verifyProductPageTest(VerifyProductPage.java:16)
... Removed 25 stack frames]]>
    </failure>
  </testcase> <!-- verifyProductPageTest -->
  <testcase name="addMultiProductPage" time="0.003" classname="com.test.AddMultiProduct">
    <failure type="java.lang.NullPointerException">
      <![CDATA[java.lang.NullPointerException
at com.reporting.Xtent.generateReport(Xtent.java:34)
at com.test.AddMultiProduct.addMultiProductPage(AddMultiProduct.java:17)
... Removed 25 stack frames]]>
    </failure>
  </testcase> <!-- addMultiProductPage -->
  <testcase name="addSingleProductTest" time="0.002" classname="com.test.AddSingleProduct">
    <failure type="java.lang.NullPointerException">
      <![CDATA[java.lang.NullPointerException
at com.reporting.Xtent.generateReport(Xtent.java:34)
at com.test.AddSingleProduct.addSingleProductTest(AddSingleProduct.java:18)
... Removed 25 stack frames]]>
    </failure>
  </testcase> <!-- addSingleProductTest -->
  <testcase name="@AfterTest tearDown" time="0.0" classname="com.test.Base">
    <ignored/>
  </testcase> <!-- @AfterTest tearDown -->
  <testcase name="@AfterTest tearDown" time="0.0" classname="com.test.Base">
    <ignored/>
  </testcase> <!-- @AfterTest tearDown -->
  <testcase name="@AfterTest tearDown" time="0.0" classname="com.test.Base">
    <ignored/>
  </testcase> <!-- @AfterTest tearDown -->
  <testcase name="@AfterTest tearDown" time="0.0" classname="com.test.Base">
    <ignored/>
  </testcase> <!-- @AfterTest tearDown -->
  <testcase name="@AfterTest tearDown" time="0.0" classname="com.test.Base">
    <ignored/>
  </testcase> <!-- @AfterTest tearDown -->
  <testcase name="@BeforeTest setUp" time="0.0" classname="com.test.Base">
    <ignored/>
  </testcase> <!-- @BeforeTest setUp -->
  <testcase name="@BeforeTest setUp" time="0.0" classname="com.test.Base">
    <ignored/>
  </testcase> <!-- @BeforeTest setUp -->
  <testcase name="@BeforeTest setUp" time="0.0" classname="com.test.Base">
    <ignored/>
  </testcase> <!-- @BeforeTest setUp -->
  <testcase name="@BeforeTest setUp" time="0.0" classname="com.test.Base">
    <ignored/>
  </testcase> <!-- @BeforeTest setUp -->
  <testcase name="@BeforeTest setUp" time="0.0" classname="com.test.Base">
    <ignored/>
  </testcase> <!-- @BeforeTest setUp -->
</testsuite> <!-- Test -->
