<?xml version="1.0" encoding="UTF-8"?>
<testng-results skipped="0" failed="0" ignored="0" total="1" passed="1">
  <reporter-output>
  </reporter-output>
  <suite name="Default suite" duration-ms="60530" started-at="2020-06-24T13:25:40Z" finished-at="2020-06-24T13:26:40Z">
    <groups>
    </groups>
    <test name="Default test" duration-ms="60530" started-at="2020-06-24T13:25:40Z" finished-at="2020-06-24T13:26:40Z">
      <class name="com.test.AddMultiProduct">
        <test-method status="PASS" signature="setUp()[pri:0, instance:com.test.AddMultiProduct@5386659f]" name="setUp" is-config="true" duration-ms="5415" started-at="2020-06-24T13:25:40Z" finished-at="2020-06-24T13:25:45Z">
          <reporter-output>
          </reporter-output>
        </test-method> <!-- setUp -->
        <test-method status="PASS" signature="addMultiProductPage()[pri:0, instance:com.test.AddMultiProduct@5386659f]" name="addMultiProductPage" duration-ms="54092" started-at="2020-06-24T13:25:45Z" finished-at="2020-06-24T13:26:39Z">
          <reporter-output>
          </reporter-output>
        </test-method> <!-- addMultiProductPage -->
        <test-method status="PASS" signature="tearDown()[pri:0, instance:com.test.AddMultiProduct@5386659f]" name="tearDown" is-config="true" duration-ms="1002" started-at="2020-06-24T13:26:39Z" finished-at="2020-06-24T13:26:40Z">
          <reporter-output>
          </reporter-output>
        </test-method> <!-- tearDown -->
      </class> <!-- com.test.AddMultiProduct -->
    </test> <!-- Default test -->
  </suite> <!-- Default suite -->
</testng-results>
